<?xml version="1.0" encoding="UTF-8"?>
<!-- Generated by org.testng.reporters.JUnitReportReporter -->
<testsuite skipped="0" hostname="CBT-073" name="com.voyalla.scripts.Demo" tests="1" failures="0" timestamp="19 Jun 2018 06:02:34 GMT" time="0.010" errors="0">
  <testcase name="test1" time="0.010" classname="com.voyalla.scripts.Demo"/>
</testsuite> <!-- com.voyalla.scripts.Demo -->
