<?xml version="1.0" encoding="UTF-8"?>
<!-- Generated by org.testng.reporters.JUnitReportReporter -->
<testsuite skipped="0" hostname="CBT-073" name="com.voyalla.scripts.TC_1" tests="1" failures="0" timestamp="22 Jun 2018 12:18:14 GMT" time="28.479" errors="0">
  <testcase name="test" time="28.479" classname="com.voyalla.scripts.TC_1"/>
</testsuite> <!-- com.voyalla.scripts.TC_1 -->
